gEDA/gschem version 1.4.3.20081231
gEDA/gschem comes with ABSOLUTELY NO WARRANTY; see COPYING for more details.
This is free software, and you are welcome to redistribute it under certain
conditions; please see the COPYING file for more details.

Read system-gafrc file [/etc/gEDA/system-gafrc]
Did not find optional ~/.gEDA/gafrc file [/home/fabricio/.gEDA/gafrc]
Read local gafrc file [/home/fabricio/Documentos/TESIS/FFD/gafrc]
Read system-gschemrc file [/etc/gEDA/system-gschemrc]
Did not find optional ~/.gEDA/gschemrc file [/home/fabricio/.gEDA/gschemrc]
Did not find optional local gschemrc file [/home/fabricio/Documentos/TESIS/FFD/gschemrc]
Read init scm file [/usr/share/gEDA/scheme/gschem.scm]
Loading schematic [/home/fabricio/Documentos/TESIS/FFD/ffd.sch]
RC file [/home/fabricio/Documentos/TESIS/FFD/gafrc] already read in.
Saved [/home/fabricio/Documentos/TESIS/FFD/ffd.sch]
Saved [/home/fabricio/Documentos/TESIS/FFD/ffd.sch]
Saved [/home/fabricio/Documentos/TESIS/FFD/ffd.sch]
Saved [/home/fabricio/Documentos/TESIS/FFD/ffd.sch]
Saved [/home/fabricio/Documentos/TESIS/FFD/ffd.sch]
Saved [/home/fabricio/Documentos/TESIS/FFD/ffd.sch]
Searching for symbol [2i_nand.sym]
Did not find specified gafrc file [/home/fabricio/Documentos/TESIS/FFD/sym/gafrc]
Saved [/home/fabricio/Documentos/TESIS/FFD/ffd.sch]
Saved [/home/fabricio/Documentos/TESIS/FFD/ffd.sch]
